<?xml version="1.0" encoding="UTF-8"?>
<testng-results ignored="0" total="1" passed="1" failed="0" skipped="0">
  <reporter-output>
  </reporter-output>
  <suite started-at="2022-02-05T14:18:33 IST" name="Default suite" finished-at="2022-02-05T14:18:43 IST" duration-ms="10634">
    <groups>
    </groups>
    <test started-at="2022-02-05T14:18:33 IST" name="Default test" finished-at="2022-02-05T14:18:43 IST" duration-ms="10634">
      <class name="GoogleTest">
        <test-method signature="HomePageCheck()[pri:0, instance:GoogleTest@76508ed1]" started-at="2022-02-05T14:18:33 IST" name="HomePageCheck" finished-at="2022-02-05T14:18:43 IST" duration-ms="10591" status="PASS">
          <reporter-output>
          </reporter-output>
        </test-method> <!-- HomePageCheck -->
      </class> <!-- GoogleTest -->
    </test> <!-- Default test -->
  </suite> <!-- Default suite -->
</testng-results>
